<?xml version="1.0" encoding="UTF-8"?>
<!-- Generated by org.testng.reporters.JUnitReportReporter -->
<testsuite hostname="LAPTOP-FO2093R8" failures="0" tests="1" name="Singleton.Singleton.Class_Singleton" time="0.009" errors="0" timestamp="2022-09-16T16:57:11 IST" skipped="0">
  <testcase classname="Singleton.Singleton.Class_Singleton" name="mytest" time="0.009"/>
  <system-out/>
</testsuite> <!-- Singleton.Singleton.Class_Singleton -->
